mode: atomic
github.com/blytz/auction-service/cmd/main.go:17.13,20.16 2 0
github.com/blytz/auction-service/cmd/main.go:20.16,22.3 1 0
github.com/blytz/auction-service/cmd/main.go:23.2,30.16 4 0
github.com/blytz/auction-service/cmd/main.go:30.16,32.3 1 0
github.com/blytz/auction-service/cmd/main.go:34.2,40.12 2 0
github.com/blytz/auction-service/cmd/main.go:40.12,49.54 7 0
github.com/blytz/auction-service/cmd/main.go:49.54,51.4 1 0
github.com/blytz/auction-service/cmd/main.go:54.2,55.79 2 0
github.com/blytz/auction-service/cmd/main.go:55.79,57.3 1 0
github.com/blytz/auction-service/cmd/main.go:59.2,59.31 1 0
github.com/blytz/auction-service/internal/api/router.go:14.50,17.16 2 0
github.com/blytz/auction-service/internal/api/router.go:17.16,19.3 1 0
github.com/blytz/auction-service/internal/api/router.go:21.2,21.37 1 0
github.com/blytz/auction-service/internal/api/router.go:21.37,23.3 1 0
github.com/blytz/auction-service/internal/api/router.go:25.2,30.45 4 0
github.com/blytz/auction-service/internal/api/router.go:30.45,36.3 1 0
github.com/blytz/auction-service/internal/api/router.go:39.2,47.2 5 0
github.com/blytz/auction-service/internal/api/router.go:47.2,50.3 2 0
github.com/blytz/auction-service/internal/api/router.go:50.3,61.4 8 0
github.com/blytz/auction-service/internal/api/router.go:64.2,64.15 1 0
github.com/blytz/auction-service/internal/config/config.go:20.30,31.2 1 0
github.com/blytz/auction-service/internal/config/config.go:33.46,34.42 1 0
github.com/blytz/auction-service/internal/config/config.go:34.42,36.3 1 0
github.com/blytz/auction-service/internal/config/config.go:37.2,37.21 1 0
github.com/blytz/auction-service/internal/config/config.go:40.52,41.42 1 0
github.com/blytz/auction-service/internal/config/config.go:41.42,42.55 1 0
github.com/blytz/auction-service/internal/config/config.go:42.55,44.4 1 0
github.com/blytz/auction-service/internal/config/config.go:46.2,46.21 1 0
github.com/blytz/auction-service/internal/config/config.go:49.77,50.42 1 0
github.com/blytz/auction-service/internal/config/config.go:50.42,51.61 1 0
github.com/blytz/auction-service/internal/config/config.go:51.61,53.4 1 0
github.com/blytz/auction-service/internal/config/config.go:55.2,55.21 1 0
github.com/blytz/auction-service/internal/services/auction.go:19.83,24.2 1 0
github.com/blytz/auction-service/internal/services/auction.go:27.137,50.2 3 0
github.com/blytz/auction-service/internal/services/auction.go:53.101,75.2 2 0
github.com/blytz/auction-service/internal/services/auction.go:78.126,109.2 3 0
github.com/blytz/auction-service/internal/services/auction.go:112.155,117.16 3 0
github.com/blytz/auction-service/internal/services/auction.go:117.16,119.3 1 0
github.com/blytz/auction-service/internal/services/auction.go:122.2,122.21 1 0
github.com/blytz/auction-service/internal/services/auction.go:122.21,124.3 1 0
github.com/blytz/auction-service/internal/services/auction.go:125.2,125.27 1 0
github.com/blytz/auction-service/internal/services/auction.go:125.27,127.3 1 0
github.com/blytz/auction-service/internal/services/auction.go:128.2,128.26 1 0
github.com/blytz/auction-service/internal/services/auction.go:128.26,130.3 1 0
github.com/blytz/auction-service/internal/services/auction.go:131.2,131.29 1 0
github.com/blytz/auction-service/internal/services/auction.go:131.29,133.3 1 0
github.com/blytz/auction-service/internal/services/auction.go:134.2,134.29 1 0
github.com/blytz/auction-service/internal/services/auction.go:134.29,136.3 1 0
github.com/blytz/auction-service/internal/services/auction.go:137.2,137.27 1 0
github.com/blytz/auction-service/internal/services/auction.go:137.27,139.3 1 0
github.com/blytz/auction-service/internal/services/auction.go:141.2,142.21 2 0
github.com/blytz/auction-service/internal/services/auction.go:146.102,151.2 2 0
github.com/blytz/auction-service/internal/services/auction.go:154.128,159.16 3 0
github.com/blytz/auction-service/internal/services/auction.go:159.16,161.3 1 0
github.com/blytz/auction-service/internal/services/auction.go:164.2,164.32 1 0
github.com/blytz/auction-service/internal/services/auction.go:164.32,166.3 1 0
github.com/blytz/auction-service/internal/services/auction.go:168.2,168.39 1 0
github.com/blytz/auction-service/internal/services/auction.go:168.39,170.3 1 0
github.com/blytz/auction-service/internal/services/auction.go:172.2,172.59 1 0
github.com/blytz/auction-service/internal/services/auction.go:172.59,174.3 1 0
github.com/blytz/auction-service/internal/services/auction.go:176.2,190.17 4 0
github.com/blytz/auction-service/internal/services/auction.go:194.103,211.2 3 0
github.com/blytz/auction-service/internal/services/auction.go:214.113,218.16 3 0
github.com/blytz/auction-service/internal/services/auction.go:218.16,220.3 1 0
github.com/blytz/auction-service/internal/services/auction.go:222.2,223.40 2 0
github.com/blytz/auction-service/internal/services/auction.go:223.40,226.3 2 0
github.com/blytz/auction-service/internal/services/auction.go:226.8,228.3 1 0
github.com/blytz/auction-service/internal/services/auction.go:230.2,237.8 1 0
github.com/blytz/auction-service/internal/services/auction.go:241.33,243.2 1 0
github.com/blytz/auction-service/internal/services/auction.go:245.29,247.2 1 0
github.com/blytz/auction-service/internal/services/auction.go:249.46,252.19 3 0
github.com/blytz/auction-service/internal/services/auction.go:252.19,254.3 1 0
github.com/blytz/auction-service/internal/services/auction.go:255.2,255.18 1 0
github.com/blytz/auction-service/internal/api/handlers/auction.go:17.81,19.2 1 0
github.com/blytz/auction-service/internal/api/handlers/auction.go:22.56,24.13 2 0
github.com/blytz/auction-service/internal/api/handlers/auction.go:24.13,27.3 2 0
github.com/blytz/auction-service/internal/api/handlers/auction.go:29.2,30.47 2 0
github.com/blytz/auction-service/internal/api/handlers/auction.go:30.47,33.3 2 0
github.com/blytz/auction-service/internal/api/handlers/auction.go:35.2,36.16 2 0
github.com/blytz/auction-service/internal/api/handlers/auction.go:36.16,39.3 2 0
github.com/blytz/auction-service/internal/api/handlers/auction.go:41.2,41.69 1 0
github.com/blytz/auction-service/internal/api/handlers/auction.go:45.53,47.21 2 0
github.com/blytz/auction-service/internal/api/handlers/auction.go:47.21,50.3 2 0
github.com/blytz/auction-service/internal/api/handlers/auction.go:52.2,53.16 2 0
github.com/blytz/auction-service/internal/api/handlers/auction.go:53.16,56.3 2 0
github.com/blytz/auction-service/internal/api/handlers/auction.go:58.2,58.69 1 0
github.com/blytz/auction-service/internal/api/handlers/auction.go:62.55,67.14 4 0
github.com/blytz/auction-service/internal/api/handlers/auction.go:67.14,69.3 1 0
github.com/blytz/auction-service/internal/api/handlers/auction.go:70.2,70.15 1 0
github.com/blytz/auction-service/internal/api/handlers/auction.go:70.15,72.3 1 0
github.com/blytz/auction-service/internal/api/handlers/auction.go:74.2,75.16 2 0
github.com/blytz/auction-service/internal/api/handlers/auction.go:75.16,78.3 2 0
github.com/blytz/auction-service/internal/api/handlers/auction.go:80.2,80.36 1 0
github.com/blytz/auction-service/internal/api/handlers/auction.go:84.56,86.13 2 0
github.com/blytz/auction-service/internal/api/handlers/auction.go:86.13,89.3 2 0
github.com/blytz/auction-service/internal/api/handlers/auction.go:91.2,92.21 2 0
github.com/blytz/auction-service/internal/api/handlers/auction.go:92.21,95.3 2 0
github.com/blytz/auction-service/internal/api/handlers/auction.go:97.2,98.47 2 0
github.com/blytz/auction-service/internal/api/handlers/auction.go:98.47,101.3 2 0
github.com/blytz/auction-service/internal/api/handlers/auction.go:103.2,104.16 2 0
github.com/blytz/auction-service/internal/api/handlers/auction.go:104.16,107.3 2 0
github.com/blytz/auction-service/internal/api/handlers/auction.go:109.2,109.69 1 0
github.com/blytz/auction-service/internal/api/handlers/auction.go:113.56,115.13 2 0
github.com/blytz/auction-service/internal/api/handlers/auction.go:115.13,118.3 2 0
github.com/blytz/auction-service/internal/api/handlers/auction.go:120.2,121.21 2 0
github.com/blytz/auction-service/internal/api/handlers/auction.go:121.21,124.3 2 0
github.com/blytz/auction-service/internal/api/handlers/auction.go:126.2,126.104 1 0
github.com/blytz/auction-service/internal/api/handlers/auction.go:126.104,129.3 2 0
github.com/blytz/auction-service/internal/api/handlers/auction.go:131.2,131.76 1 0
github.com/blytz/auction-service/internal/api/handlers/auction.go:135.51,137.13 2 0
github.com/blytz/auction-service/internal/api/handlers/auction.go:137.13,140.3 2 0
github.com/blytz/auction-service/internal/api/handlers/auction.go:142.2,143.21 2 0
github.com/blytz/auction-service/internal/api/handlers/auction.go:143.21,146.3 2 0
github.com/blytz/auction-service/internal/api/handlers/auction.go:148.2,149.47 2 0
github.com/blytz/auction-service/internal/api/handlers/auction.go:149.47,152.3 2 0
github.com/blytz/auction-service/internal/api/handlers/auction.go:154.2,155.16 2 0
github.com/blytz/auction-service/internal/api/handlers/auction.go:155.16,158.3 2 0
github.com/blytz/auction-service/internal/api/handlers/auction.go:160.2,160.57 1 0
github.com/blytz/auction-service/internal/api/handlers/auction.go:164.50,166.21 2 0
github.com/blytz/auction-service/internal/api/handlers/auction.go:166.21,169.3 2 0
github.com/blytz/auction-service/internal/api/handlers/auction.go:171.2,172.16 2 0
github.com/blytz/auction-service/internal/api/handlers/auction.go:172.16,175.3 2 0
github.com/blytz/auction-service/internal/api/handlers/auction.go:177.2,177.36 1 0
github.com/blytz/auction-service/internal/api/handlers/auction.go:181.59,183.21 2 0
github.com/blytz/auction-service/internal/api/handlers/auction.go:183.21,186.3 2 0
github.com/blytz/auction-service/internal/api/handlers/auction.go:188.2,189.16 2 0
github.com/blytz/auction-service/internal/api/handlers/auction.go:189.16,192.3 2 0
github.com/blytz/auction-service/internal/api/handlers/auction.go:194.2,194.34 1 0
